2025/09/24 13:11:41 INFO Daemon app started version=1.0.0 pid=39925 mode=daemon
2025/09/24 13:11:44 INFO Background task started task=file_cleanup task_id=1
2025/09/24 13:11:46 INFO Background task completed task=file_cleanup task_id=1 duration_ms=1638
2025/09/24 13:11:47 INFO Background task started task=data_sync task_id=2
2025/09/24 13:11:49 INFO Background task completed task=data_sync task_id=2 duration_ms=1999
2025/09/24 13:11:50 INFO Background task started task=backup_job task_id=3
2025/09/24 13:11:51 DEBUG System health check active_connections=7 cpu_usage=23 memory_usage_mb=130 disk_free_gb=58
2025/09/24 13:11:51 WARN Task completed with warnings task_id=3 duration_ms=1118 warnings=1 task=backup_job
2025/09/24 13:11:53 INFO Background task started task=data_sync task_id=4
2025/09/24 13:11:54 INFO Background task completed duration_ms=676 task=data_sync task_id=4
2025/09/24 13:11:56 INFO Background task started task=data_sync task_id=5
2025/09/24 13:11:57 INFO Background task completed task=data_sync task_id=5 duration_ms=833
2025/09/24 13:11:59 INFO Background task started task=data_sync task_id=6
2025/09/24 13:12:01 DEBUG System health check cpu_usage=24 memory_usage_mb=204 disk_free_gb=35 active_connections=6
2025/09/24 13:12:01 INFO Background task completed task_id=6 duration_ms=2187 task=data_sync
2025/09/24 13:12:02 INFO Background task started task=file_cleanup task_id=7
2025/09/24 13:12:03 INFO Background task completed task=file_cleanup task_id=7 duration_ms=1377
2025/09/24 13:12:05 INFO Background task started task_id=8 task=backup_job
2025/09/24 13:12:07 INFO Background task completed task=backup_job task_id=8 duration_ms=1866
2025/09/24 13:12:08 INFO Background task started task=backup_job task_id=9
2025/09/24 13:12:09 INFO Background task completed task=backup_job task_id=9 duration_ms=1282
2025/09/24 13:12:11 INFO Background task started task=file_cleanup task_id=10
2025/09/24 13:12:11 DEBUG System health check cpu_usage=21 memory_usage_mb=178 disk_free_gb=43 active_connections=6
2025/09/24 13:12:13 INFO Background task completed duration_ms=2251 task=file_cleanup task_id=10
2025/09/24 13:12:14 INFO Background task started task=backup_job task_id=11
2025/09/24 13:12:16 INFO Background task completed task=backup_job task_id=11 duration_ms=2308
2025/09/24 13:12:17 INFO Background task started task_id=12 task=file_cleanup
2025/09/24 13:12:18 INFO Background task completed task=file_cleanup task_id=12 duration_ms=1331
2025/09/24 13:12:20 INFO Background task started task=data_sync task_id=13
2025/09/24 13:12:21 DEBUG System health check cpu_usage=37 memory_usage_mb=186 disk_free_gb=24 active_connections=2
2025/09/24 13:12:21 INFO Background task completed task=data_sync task_id=13 duration_ms=1283
2025/09/24 13:12:23 INFO Background task started task=data_sync task_id=14
2025/09/24 13:12:25 INFO Background task completed task=data_sync task_id=14 duration_ms=2181
2025/09/24 13:12:26 INFO Background task started task=backup_job task_id=15
2025/09/24 13:12:28 INFO Background task completed task=backup_job task_id=15 duration_ms=1765
2025/09/24 13:12:29 INFO Background task started task=file_cleanup task_id=16
2025/09/24 13:12:30 INFO Background task completed task=file_cleanup task_id=16 duration_ms=1196
2025/09/24 13:12:31 DEBUG System health check memory_usage_mb=218 disk_free_gb=31 active_connections=1 cpu_usage=43
2025/09/24 13:12:32 INFO Background task started task=backup_job task_id=17
2025/09/24 13:12:33 INFO Background task completed duration_ms=892 task=backup_job task_id=17
2025/09/24 13:12:35 INFO Background task started task=backup_job task_id=18
2025/09/24 13:12:37 INFO Background task completed task=backup_job task_id=18 duration_ms=2392
2025/09/24 13:12:38 INFO Background task started task=file_cleanup task_id=19
2025/09/24 13:12:39 INFO Background task completed task=file_cleanup task_id=19 duration_ms=1479
2025/09/24 13:12:41 INFO Background task started task=backup_job task_id=20
2025/09/24 13:12:41 DEBUG System health check cpu_usage=34 memory_usage_mb=119 disk_free_gb=44 active_connections=2
2025/09/24 13:12:43 INFO Background task completed task=backup_job task_id=20 duration_ms=2497
2025/09/24 13:12:44 INFO Background task started task=file_cleanup task_id=21
2025/09/24 13:12:46 INFO Background task completed task=file_cleanup task_id=21 duration_ms=2344
2025/09/24 13:12:47 INFO Background task started task=data_sync task_id=22
2025/09/24 13:12:48 INFO Background task completed duration_ms=1401 task=data_sync task_id=22
2025/09/24 13:12:50 INFO Background task started task=file_cleanup task_id=23
2025/09/24 13:12:51 DEBUG System health check cpu_usage=26 memory_usage_mb=274 disk_free_gb=55 active_connections=10
2025/09/24 13:12:52 INFO Background task completed duration_ms=1832 task=file_cleanup task_id=23
2025/09/24 13:12:53 INFO Background task started task_id=24 task=file_cleanup
2025/09/24 13:12:55 INFO Background task completed task=file_cleanup task_id=24 duration_ms=1827
2025/09/24 13:12:56 INFO Background task started task=cache_refresh task_id=25
2025/09/24 13:12:57 WARN Task completed with warnings task_id=25 duration_ms=1512 warnings=3 task=cache_refresh
2025/09/24 13:12:59 INFO Background task started task=file_cleanup task_id=26
2025/09/24 13:13:01 DEBUG System health check cpu_usage=34 memory_usage_mb=288 disk_free_gb=47 active_connections=10
2025/09/24 13:13:01 INFO Background task completed task=file_cleanup task_id=26 duration_ms=2006
2025/09/24 13:13:02 INFO Background task started task=data_sync task_id=27
2025/09/24 13:13:04 INFO Background task completed task=data_sync task_id=27 duration_ms=2120
2025/09/24 13:13:05 INFO Background task started task=cache_refresh task_id=28
2025/09/24 13:13:07 INFO Background task completed task_id=28 duration_ms=2463 task=cache_refresh
2025/09/24 13:13:08 INFO Background task started task=file_cleanup task_id=29
2025/09/24 13:13:09 INFO Background task completed task=file_cleanup task_id=29 duration_ms=1427
2025/09/24 13:13:11 INFO Background task started task=data_sync task_id=30
2025/09/24 13:13:11 DEBUG System health check cpu_usage=42 memory_usage_mb=126 disk_free_gb=36 active_connections=9
2025/09/24 13:13:12 INFO Background task completed task=data_sync task_id=30 duration_ms=1145
2025/09/24 13:13:14 INFO Background task started task_id=31 task=file_cleanup
2025/09/24 13:13:15 WARN Task completed with warnings warnings=3 task=file_cleanup task_id=31 duration_ms=1270
2025/09/24 13:13:17 INFO Background task started task=file_cleanup task_id=32
2025/09/24 13:13:19 INFO Background task completed task=file_cleanup task_id=32 duration_ms=1558
2025/09/24 13:13:20 INFO Background task started task_id=33 task=data_sync
2025/09/24 13:13:21 DEBUG System health check cpu_usage=33 memory_usage_mb=229 disk_free_gb=59 active_connections=3
2025/09/24 13:13:21 ERROR Background service error service=file_watcher error=permission_denied retry_in_seconds=30
2025/09/24 13:13:22 INFO Background task completed task=data_sync task_id=33 duration_ms=2481
2025/09/24 13:13:23 INFO Background task started task=data_sync task_id=34
2025/09/24 13:13:24 INFO Background task completed duration_ms=848 task=data_sync task_id=34
2025/09/24 13:13:26 INFO Background task started task=backup_job task_id=35
2025/09/24 13:13:27 INFO Background task completed task_id=35 duration_ms=891 task=backup_job
2025/09/24 13:13:29 INFO Background task started task=backup_job task_id=36
2025/09/24 13:13:31 INFO Background task completed task=backup_job task_id=36 duration_ms=1796
2025/09/24 13:13:31 DEBUG System health check cpu_usage=46 memory_usage_mb=163 disk_free_gb=38 active_connections=8
2025/09/24 13:13:31 WARN Resource warning metric=memory_usage value=926 threshold=800
2025/09/24 13:13:32 INFO Background task started task_id=37 task=cache_refresh
2025/09/24 13:13:33 INFO Background task completed task=cache_refresh task_id=37 duration_ms=1001
2025/09/24 13:13:35 INFO Background task started task=cache_refresh task_id=38
2025/09/24 13:13:37 INFO Background task completed task=cache_refresh task_id=38 duration_ms=2055
2025/09/24 13:13:38 INFO Background task started task=cache_refresh task_id=39
2025/09/24 13:13:40 INFO Background task completed task=cache_refresh task_id=39 duration_ms=1991
2025/09/24 13:13:41 INFO Background task started task=backup_job task_id=40
2025/09/24 13:13:41 DEBUG System health check cpu_usage=42 memory_usage_mb=157 disk_free_gb=22 active_connections=2
2025/09/24 13:13:43 INFO Background task completed task=backup_job task_id=40 duration_ms=2182
2025/09/24 13:13:44 INFO Background task started task_id=41 task=backup_job
2025/09/24 13:13:45 INFO Background task completed duration_ms=1476 task=backup_job task_id=41
2025/09/24 13:13:47 INFO Background task started task_id=42 task=data_sync
2025/09/24 13:13:49 INFO Background task completed duration_ms=2165 task=data_sync task_id=42
2025/09/24 13:13:50 INFO Background task started task=cache_refresh task_id=43
2025/09/24 13:13:51 DEBUG System health check memory_usage_mb=154 disk_free_gb=46 active_connections=3 cpu_usage=43
2025/09/24 13:13:52 INFO Background task completed task=cache_refresh task_id=43 duration_ms=1879
2025/09/24 13:13:53 INFO Background task started task_id=44 task=data_sync
2025/09/24 13:13:55 INFO Background task completed task=data_sync task_id=44 duration_ms=1985
2025/09/24 13:13:56 INFO Background task started task=file_cleanup task_id=45
2025/09/24 13:13:58 INFO Background task completed task=file_cleanup task_id=45 duration_ms=2336
2025/09/24 13:13:59 INFO Background task started task=file_cleanup task_id=46
2025/09/24 13:14:01 DEBUG System health check cpu_usage=37 memory_usage_mb=164 disk_free_gb=47 active_connections=6
2025/09/24 13:14:01 INFO Background task completed task=file_cleanup task_id=46 duration_ms=2357
2025/09/24 13:14:02 INFO Background task started task=file_cleanup task_id=47
2025/09/24 13:14:03 INFO Background task completed task=file_cleanup task_id=47 duration_ms=641
2025/09/24 13:14:05 INFO Background task started task_id=48 task=cache_refresh
2025/09/24 13:14:07 INFO Background task completed task=cache_refresh task_id=48 duration_ms=1836
2025/09/24 13:14:08 INFO Background task started task=backup_job task_id=49
2025/09/24 13:14:09 INFO Background task completed task=backup_job task_id=49 duration_ms=810
2025/09/24 13:14:11 INFO Background task started task=backup_job task_id=50
2025/09/24 13:14:11 DEBUG System health check cpu_usage=31 memory_usage_mb=162 disk_free_gb=24 active_connections=2
2025/09/24 13:14:12 INFO Background task completed task_id=50 duration_ms=1366 task=backup_job
2025/09/24 13:14:14 INFO Background task started task=data_sync task_id=51
2025/09/24 13:14:14 INFO Background task completed task=data_sync task_id=51 duration_ms=516
2025/09/24 13:14:17 INFO Background task started task=data_sync task_id=52
2025/09/24 13:14:19 INFO Background task completed task_id=52 duration_ms=1553 task=data_sync
2025/09/24 13:14:20 INFO Background task started task_id=53 task=cache_refresh
2025/09/24 13:14:21 DEBUG System health check disk_free_gb=47 active_connections=9 cpu_usage=26 memory_usage_mb=240
2025/09/24 13:14:22 INFO Background task completed task=cache_refresh task_id=53 duration_ms=1909
2025/09/24 13:14:23 INFO Background task started task_id=54 task=cache_refresh
2025/09/24 13:14:25 INFO Background task completed task=cache_refresh task_id=54 duration_ms=2250
2025/09/24 13:14:26 INFO Background task started task=backup_job task_id=55
2025/09/24 13:14:28 INFO Background task completed task=backup_job task_id=55 duration_ms=2476
2025/09/24 13:14:29 INFO Background task started task=cache_refresh task_id=56
2025/09/24 13:14:30 INFO Background task completed task=cache_refresh task_id=56 duration_ms=746
2025/09/24 13:14:31 DEBUG System health check cpu_usage=45 memory_usage_mb=280 disk_free_gb=48 active_connections=2
2025/09/24 13:14:32 INFO Background task started task_id=57 task=cache_refresh
2025/09/24 13:14:33 INFO Background task completed task=cache_refresh task_id=57 duration_ms=955
2025/09/24 13:14:35 INFO Background task started task=backup_job task_id=58
2025/09/24 13:14:37 WARN Task completed with warnings task=backup_job task_id=58 duration_ms=2448 warnings=1
2025/09/24 13:14:38 INFO Background task started task=backup_job task_id=59
2025/09/24 13:14:39 INFO Background task completed task=backup_job task_id=59 duration_ms=626
2025/09/24 13:14:41 INFO Background task started task=backup_job task_id=60
2025/09/24 13:14:41 DEBUG System health check cpu_usage=23 memory_usage_mb=101 disk_free_gb=43 active_connections=10
2025/09/24 13:14:41 ERROR Background service error service=file_watcher error=permission_denied retry_in_seconds=30
2025/09/24 13:14:43 INFO Background task completed task=backup_job task_id=60 duration_ms=1905
2025/09/24 13:14:44 INFO Background task started task=cache_refresh task_id=61
2025/09/24 13:14:45 INFO Background task completed task=cache_refresh task_id=61 duration_ms=1129
2025/09/24 13:14:47 INFO Background task started task=backup_job task_id=62
2025/09/24 13:14:48 INFO Background task completed task=backup_job task_id=62 duration_ms=1261
2025/09/24 13:14:50 INFO Background task started task=backup_job task_id=63
2025/09/24 13:14:51 DEBUG System health check cpu_usage=44 memory_usage_mb=179 disk_free_gb=43 active_connections=8
2025/09/24 13:14:52 INFO Background task completed task_id=63 duration_ms=2264 task=backup_job
2025/09/24 13:14:53 INFO Background task started task_id=64 task=backup_job
2025/09/24 13:14:55 INFO Background task completed task=backup_job task_id=64 duration_ms=1714
2025/09/24 13:14:56 INFO Background task started task=data_sync task_id=65
2025/09/24 13:14:58 INFO Background task completed task=data_sync task_id=65 duration_ms=1703
2025/09/24 13:14:59 INFO Background task started task=cache_refresh task_id=66
2025/09/24 13:15:01 DEBUG System health check cpu_usage=33 memory_usage_mb=172 disk_free_gb=62 active_connections=1
2025/09/24 13:15:01 INFO Background task completed task=cache_refresh task_id=66 duration_ms=2224
2025/09/24 13:15:02 INFO Background task started task=data_sync task_id=67
2025/09/24 13:15:04 INFO Background task completed task=data_sync task_id=67 duration_ms=1945
2025/09/24 13:15:05 INFO Background task started task=cache_refresh task_id=68
2025/09/24 13:15:06 INFO Background task completed duration_ms=702 task=cache_refresh task_id=68
2025/09/24 13:15:08 INFO Background task started task=data_sync task_id=69
2025/09/24 13:15:09 INFO Background task completed task=data_sync task_id=69 duration_ms=1005
2025/09/24 13:15:11 DEBUG System health check disk_free_gb=32 active_connections=1 cpu_usage=28 memory_usage_mb=205
2025/09/24 13:15:11 INFO Background task started task=file_cleanup task_id=70
2025/09/24 13:15:13 INFO Background task completed task=file_cleanup task_id=70 duration_ms=1529
2025/09/24 13:15:14 INFO Background task started task=file_cleanup task_id=71
2025/09/24 13:15:16 INFO Background task completed task=file_cleanup task_id=71 duration_ms=1905
2025/09/24 13:15:17 INFO Background task started task_id=72 task=file_cleanup
2025/09/24 13:15:18 INFO Background task completed task=file_cleanup task_id=72 duration_ms=538
2025/09/24 13:15:20 INFO Background task started task=backup_job task_id=73
2025/09/24 13:15:21 DEBUG System health check cpu_usage=49 memory_usage_mb=258 disk_free_gb=36 active_connections=1
2025/09/24 13:15:22 INFO Background task completed task=backup_job task_id=73 duration_ms=2014
2025/09/24 13:15:23 INFO Background task started task=file_cleanup task_id=74
2025/09/24 13:15:24 INFO Background task completed task=file_cleanup task_id=74 duration_ms=1110
2025/09/24 13:15:26 INFO Background task started task_id=75 task=cache_refresh
2025/09/24 13:15:28 INFO Background task completed task=cache_refresh task_id=75 duration_ms=1581
2025/09/24 13:15:29 INFO Background task started task=file_cleanup task_id=76
2025/09/24 13:15:31 INFO Background task completed task=file_cleanup task_id=76 duration_ms=1685
2025/09/24 13:15:31 DEBUG System health check active_connections=5 cpu_usage=28 memory_usage_mb=119 disk_free_gb=68
2025/09/24 13:15:32 INFO Background task started task_id=77 task=cache_refresh
2025/09/24 13:15:34 INFO Background task completed duration_ms=1952 task=cache_refresh task_id=77
2025/09/24 13:15:35 INFO Background task started task=backup_job task_id=78
2025/09/24 13:15:37 INFO Background task completed task_id=78 duration_ms=1832 task=backup_job
2025/09/24 13:15:38 INFO Background task started task_id=79 task=backup_job
2025/09/24 13:15:40 INFO Background task completed task=backup_job task_id=79 duration_ms=1585
2025/09/24 13:15:41 DEBUG System health check cpu_usage=39 memory_usage_mb=282 disk_free_gb=33 active_connections=9
2025/09/24 13:15:41 INFO Background task started task=data_sync task_id=80
2025/09/24 13:15:42 INFO Background task completed task=data_sync task_id=80 duration_ms=1161
2025/09/24 13:15:44 INFO Background task started task=backup_job task_id=81
2025/09/24 13:15:46 WARN Task completed with warnings task=backup_job task_id=81 duration_ms=1616 warnings=3
2025/09/24 13:15:47 INFO Background task started task=file_cleanup task_id=82
2025/09/24 13:15:48 INFO Background task completed task=file_cleanup task_id=82 duration_ms=1494
2025/09/24 13:15:50 INFO Background task started task=cache_refresh task_id=83
2025/09/24 13:15:51 INFO Background task completed task=cache_refresh task_id=83 duration_ms=708
2025/09/24 13:15:51 DEBUG System health check memory_usage_mb=295 disk_free_gb=42 active_connections=3 cpu_usage=27
2025/09/24 13:15:53 INFO Background task started task_id=84 task=data_sync
2025/09/24 13:15:54 INFO Background task completed task=data_sync task_id=84 duration_ms=1215
2025/09/24 13:15:56 INFO Background task started task=cache_refresh task_id=85
2025/09/24 13:15:57 INFO Background task completed task=cache_refresh task_id=85 duration_ms=534
2025/09/24 13:15:59 INFO Background task started task=file_cleanup task_id=86
2025/09/24 13:16:00 INFO Background task completed task=file_cleanup task_id=86 duration_ms=662
2025/09/24 13:16:01 DEBUG System health check cpu_usage=41 memory_usage_mb=148 disk_free_gb=69 active_connections=8
2025/09/24 13:16:02 INFO Background task started task=backup_job task_id=87
2025/09/24 13:16:03 INFO Background task completed task=backup_job task_id=87 duration_ms=1181
2025/09/24 13:16:05 INFO Background task started task=data_sync task_id=88
2025/09/24 13:16:07 INFO Background task completed task_id=88 duration_ms=2193 task=data_sync
2025/09/24 13:16:08 INFO Background task started task=data_sync task_id=89
2025/09/24 13:16:10 INFO Background task completed task=data_sync task_id=89 duration_ms=1734
2025/09/24 13:16:11 DEBUG System health check memory_usage_mb=148 disk_free_gb=21 active_connections=7 cpu_usage=24
2025/09/24 13:16:11 INFO Background task started task=data_sync task_id=90
2025/09/24 13:16:11 WARN Resource warning metric=memory_usage value=853 threshold=800
2025/09/24 13:16:13 INFO Background task completed task=data_sync task_id=90 duration_ms=2369
2025/09/24 13:16:14 INFO Background task started task=data_sync task_id=91
2025/09/24 13:16:16 INFO Background task completed task=data_sync task_id=91 duration_ms=1953
2025/09/24 13:16:17 INFO Background task started task=backup_job task_id=92
2025/09/24 13:16:19 INFO Background task completed task=backup_job task_id=92 duration_ms=1845
2025/09/24 13:16:20 INFO Background task started task=backup_job task_id=93
2025/09/24 13:16:21 DEBUG System health check cpu_usage=39 memory_usage_mb=217 disk_free_gb=24 active_connections=9
2025/09/24 13:16:22 INFO Background task completed task=backup_job task_id=93 duration_ms=1957
2025/09/24 13:16:23 INFO Background task started task=cache_refresh task_id=94
2025/09/24 13:16:25 INFO Background task completed task=cache_refresh task_id=94 duration_ms=2128
2025/09/24 13:16:26 INFO Background task started task=data_sync task_id=95
2025/09/24 13:16:27 INFO Background task completed task=data_sync task_id=95 duration_ms=949
2025/09/24 13:16:29 INFO Background task started task=backup_job task_id=96
2025/09/24 13:16:30 WARN Task completed with warnings task=backup_job task_id=96 duration_ms=1004 warnings=1
2025/09/24 13:16:31 DEBUG System health check memory_usage_mb=244 disk_free_gb=50 active_connections=9 cpu_usage=47
2025/09/24 13:16:32 INFO Background task started task=data_sync task_id=97
2025/09/24 13:16:33 INFO Background task completed duration_ms=896 task=data_sync task_id=97
2025/09/24 13:16:35 INFO Background task started task=data_sync task_id=98
2025/09/24 13:16:36 INFO Background task completed task_id=98 duration_ms=599 task=data_sync
2025/09/24 13:16:38 INFO Background task started task_id=99 task=data_sync
2025/09/24 13:16:40 INFO Background task completed task=data_sync task_id=99 duration_ms=1957
2025/09/24 13:16:41 DEBUG System health check cpu_usage=22 memory_usage_mb=241 disk_free_gb=53 active_connections=6
2025/09/24 13:16:41 INFO Background task started task=data_sync task_id=100
2025/09/24 13:16:43 INFO Background task completed task=data_sync task_id=100 duration_ms=1969
2025/09/24 13:16:44 INFO Background task started task=data_sync task_id=101
2025/09/24 13:16:45 INFO Background task completed task=data_sync task_id=101 duration_ms=627
2025/09/24 13:16:47 INFO Background task started task_id=102 task=file_cleanup
2025/09/24 13:16:49 INFO Background task completed task=file_cleanup task_id=102 duration_ms=1960
2025/09/24 13:16:50 INFO Background task started task=file_cleanup task_id=103
2025/09/24 13:16:51 INFO Background task completed task=file_cleanup task_id=103 duration_ms=609
2025/09/24 13:16:51 DEBUG System health check cpu_usage=35 memory_usage_mb=195 disk_free_gb=53 active_connections=5
2025/09/24 13:16:53 INFO Background task started task_id=104 task=backup_job
2025/09/24 13:16:55 INFO Background task completed task=backup_job task_id=104 duration_ms=1919
2025/09/24 13:16:56 INFO Background task started task=backup_job task_id=105
2025/09/24 13:16:58 INFO Background task completed task_id=105 duration_ms=1738 task=backup_job
2025/09/24 13:16:59 INFO Background task started task_id=106 task=backup_job
2025/09/24 13:17:00 INFO Background task completed task_id=106 duration_ms=949 task=backup_job
2025/09/24 13:17:01 DEBUG System health check disk_free_gb=36 active_connections=5 cpu_usage=32 memory_usage_mb=177
2025/09/24 13:17:01 WARN Resource warning metric=memory_usage value=837 threshold=800
2025/09/24 13:17:01 ERROR Background service error retry_in_seconds=30 service=file_watcher error=permission_denied
2025/09/24 13:17:02 INFO Background task started task_id=107 task=backup_job
2025/09/24 13:17:04 INFO Background task completed task=backup_job task_id=107 duration_ms=2114
2025/09/24 13:17:05 INFO Background task started task=cache_refresh task_id=108
2025/09/24 13:17:07 INFO Background task completed task_id=108 duration_ms=1691 task=cache_refresh
2025/09/24 13:17:08 INFO Background task started task=cache_refresh task_id=109
2025/09/24 13:17:09 INFO Background task completed task=cache_refresh task_id=109 duration_ms=792
2025/09/24 13:17:11 INFO Background task started task=file_cleanup task_id=110
2025/09/24 13:17:11 DEBUG System health check disk_free_gb=28 active_connections=3 cpu_usage=31 memory_usage_mb=187
2025/09/24 13:17:13 INFO Background task completed task=file_cleanup task_id=110 duration_ms=2177
2025/09/24 13:17:14 INFO Background task started task_id=111 task=data_sync
2025/09/24 13:17:15 INFO Background task completed task=data_sync task_id=111 duration_ms=728
2025/09/24 13:17:17 INFO Background task started task=cache_refresh task_id=112
2025/09/24 13:17:19 INFO Background task completed task=cache_refresh task_id=112 duration_ms=1662
2025/09/24 13:17:20 INFO Background task started task=cache_refresh task_id=113
2025/09/24 13:17:21 DEBUG System health check cpu_usage=24 memory_usage_mb=102 disk_free_gb=69 active_connections=6
2025/09/24 13:17:21 INFO Background task completed task=cache_refresh task_id=113 duration_ms=1204
2025/09/24 13:17:23 INFO Background task started task=cache_refresh task_id=114
2025/09/24 13:17:25 INFO Background task completed task=cache_refresh task_id=114 duration_ms=1998
2025/09/24 13:17:26 INFO Background task started task=backup_job task_id=115
2025/09/24 13:17:28 INFO Background task completed task=backup_job task_id=115 duration_ms=2093
2025/09/24 13:17:29 INFO Background task started task=data_sync task_id=116
2025/09/24 13:17:30 INFO Background task completed task=data_sync task_id=116 duration_ms=640
2025/09/24 13:17:31 DEBUG System health check cpu_usage=34 memory_usage_mb=108 disk_free_gb=25 active_connections=6
2025/09/24 13:17:31 WARN Resource warning value=800 threshold=800 metric=memory_usage
2025/09/24 13:17:32 INFO Background task started task=data_sync task_id=117
2025/09/24 13:17:34 INFO Background task completed duration_ms=1633 task=data_sync task_id=117
2025/09/24 13:17:35 INFO Background task started task=file_cleanup task_id=118
2025/09/24 13:17:36 INFO Background task completed task=file_cleanup task_id=118 duration_ms=993
2025/09/24 13:17:38 INFO Background task started task_id=119 task=file_cleanup
2025/09/24 13:17:39 INFO Background task completed duration_ms=541 task=file_cleanup task_id=119
2025/09/24 13:17:41 DEBUG System health check active_connections=1 cpu_usage=48 memory_usage_mb=165 disk_free_gb=61
2025/09/24 13:17:41 INFO Background task started task=cache_refresh task_id=120
2025/09/24 13:17:43 INFO Background task completed task=cache_refresh task_id=120 duration_ms=2387
2025/09/24 13:17:44 INFO Background task started task=backup_job task_id=121
2025/09/24 13:17:44 WARN Task completed with warnings task=backup_job task_id=121 duration_ms=528 warnings=2
2025/09/24 13:17:47 INFO Background task started task_id=122 task=data_sync
2025/09/24 13:17:49 INFO Background task completed task=data_sync task_id=122 duration_ms=1980
2025/09/24 13:17:50 INFO Background task started task=cache_refresh task_id=123
2025/09/24 13:17:51 INFO Background task completed task=cache_refresh task_id=123 duration_ms=914
2025/09/24 13:17:51 DEBUG System health check active_connections=5 cpu_usage=33 memory_usage_mb=156 disk_free_gb=22
2025/09/24 13:17:53 INFO Background task started task=backup_job task_id=124
2025/09/24 13:17:54 INFO Background task completed task=backup_job task_id=124 duration_ms=877
2025/09/24 13:17:56 INFO Background task started task=file_cleanup task_id=125
2025/09/24 13:17:57 INFO Background task completed task=file_cleanup task_id=125 duration_ms=1214
2025/09/24 13:17:59 INFO Background task started task_id=126 task=cache_refresh
2025/09/24 13:18:01 DEBUG System health check cpu_usage=43 memory_usage_mb=283 disk_free_gb=59 active_connections=10
2025/09/24 13:18:01 INFO Background task completed task=cache_refresh task_id=126 duration_ms=2183
2025/09/24 13:18:02 INFO Background task started task=backup_job task_id=127
2025/09/24 13:18:04 WARN Task completed with warnings task=backup_job task_id=127 duration_ms=2359 warnings=2
2025/09/24 13:18:05 INFO Background task started task=data_sync task_id=128
2025/09/24 13:18:06 WARN Task completed with warnings task=data_sync task_id=128 duration_ms=1035 warnings=2
2025/09/24 13:18:08 INFO Background task started task=backup_job task_id=129
2025/09/24 13:18:10 WARN Task completed with warnings task=backup_job task_id=129 duration_ms=2428 warnings=2
2025/09/24 13:18:11 INFO Background task started task=backup_job task_id=130
2025/09/24 13:18:11 DEBUG System health check cpu_usage=47 memory_usage_mb=177 disk_free_gb=29 active_connections=9
2025/09/24 13:18:12 INFO Background task completed task_id=130 duration_ms=1373 task=backup_job
2025/09/24 13:18:14 INFO Background task started task=data_sync task_id=131
2025/09/24 13:18:15 INFO Background task completed task_id=131 duration_ms=912 task=data_sync
2025/09/24 13:18:17 INFO Background task started task=cache_refresh task_id=132
2025/09/24 13:18:19 INFO Background task completed task=cache_refresh task_id=132 duration_ms=1728
2025/09/24 13:18:20 INFO Background task started task=data_sync task_id=133
2025/09/24 13:18:21 INFO Background task completed task_id=133 duration_ms=829 task=data_sync
2025/09/24 13:18:21 DEBUG System health check cpu_usage=30 memory_usage_mb=126 disk_free_gb=41 active_connections=3
2025/09/24 13:18:23 INFO Background task started task=backup_job task_id=134
2025/09/24 13:18:24 INFO Background task completed task=backup_job task_id=134 duration_ms=583
2025/09/24 13:18:26 INFO Background task started task=backup_job task_id=135
2025/09/24 13:18:28 INFO Background task completed task=backup_job task_id=135 duration_ms=2342
2025/09/24 13:18:29 INFO Background task started task=file_cleanup task_id=136
2025/09/24 13:18:31 DEBUG System health check disk_free_gb=24 active_connections=4 cpu_usage=43 memory_usage_mb=230
2025/09/24 13:18:31 INFO Background task completed task_id=136 duration_ms=2081 task=file_cleanup
2025/09/24 13:18:32 INFO Background task started task=backup_job task_id=137
2025/09/24 13:18:33 INFO Background task completed task_id=137 duration_ms=1120 task=backup_job
2025/09/24 13:18:35 INFO Background task started task=data_sync task_id=138
2025/09/24 13:18:36 INFO Background task completed task=data_sync task_id=138 duration_ms=1457
2025/09/24 13:18:38 INFO Background task started task=file_cleanup task_id=139
2025/09/24 13:18:40 INFO Background task completed task=file_cleanup task_id=139 duration_ms=2045
2025/09/24 13:18:41 INFO Background task started task=file_cleanup task_id=140
2025/09/24 13:18:41 DEBUG System health check cpu_usage=21 memory_usage_mb=248 disk_free_gb=63 active_connections=4
2025/09/24 13:18:41 WARN Resource warning metric=memory_usage value=857 threshold=800
2025/09/24 13:18:43 INFO Background task completed task=file_cleanup task_id=140 duration_ms=2490
2025/09/24 13:18:44 INFO Background task started task=cache_refresh task_id=141
2025/09/24 13:18:45 INFO Background task completed task_id=141 duration_ms=1396 task=cache_refresh
2025/09/24 13:18:47 INFO Background task started task=backup_job task_id=142
2025/09/24 13:18:49 INFO Background task completed task_id=142 duration_ms=2369 task=backup_job
2025/09/24 13:18:50 INFO Background task started task=backup_job task_id=143
2025/09/24 13:18:51 INFO Background task completed task=backup_job task_id=143 duration_ms=549
2025/09/24 13:18:51 DEBUG System health check disk_free_gb=69 active_connections=4 cpu_usage=23 memory_usage_mb=172
2025/09/24 13:18:51 WARN Resource warning metric=memory_usage value=664 threshold=800
2025/09/24 13:18:53 INFO Background task started task=data_sync task_id=144
2025/09/24 13:18:54 WARN Task completed with warnings task=data_sync task_id=144 duration_ms=841 warnings=1
2025/09/24 13:18:56 INFO Background task started task=data_sync task_id=145
2025/09/24 13:18:58 WARN Task completed with warnings task=data_sync task_id=145 duration_ms=2387 warnings=3
2025/09/24 13:18:59 INFO Background task started task=data_sync task_id=146
2025/09/24 13:19:00 INFO Background task completed task=data_sync task_id=146 duration_ms=551
2025/09/24 13:19:01 DEBUG System health check cpu_usage=33 memory_usage_mb=234 disk_free_gb=55 active_connections=4
2025/09/24 13:19:02 INFO Background task started task_id=147 task=backup_job
2025/09/24 13:19:03 INFO Background task completed duration_ms=535 task=backup_job task_id=147
2025/09/24 13:19:05 INFO Background task started task=data_sync task_id=148
2025/09/24 13:19:07 WARN Task completed with warnings warnings=3 task=data_sync task_id=148 duration_ms=2182
2025/09/24 13:19:08 INFO Background task started task=cache_refresh task_id=149
2025/09/24 13:19:09 INFO Background task completed task=cache_refresh task_id=149 duration_ms=1262
2025/09/24 13:19:11 DEBUG System health check cpu_usage=27 memory_usage_mb=200 disk_free_gb=42 active_connections=8
2025/09/24 13:19:11 INFO Background task started task=cache_refresh task_id=150
2025/09/24 13:19:13 INFO Background task completed task=cache_refresh task_id=150 duration_ms=2364
2025/09/24 13:19:14 INFO Background task started task=file_cleanup task_id=151
2025/09/24 13:19:15 INFO Background task completed duration_ms=995 task=file_cleanup task_id=151
2025/09/24 13:19:17 INFO Background task started task=backup_job task_id=152
2025/09/24 13:19:18 INFO Background task completed task=backup_job task_id=152 duration_ms=1270
2025/09/24 13:19:20 INFO Background task started task=file_cleanup task_id=153
2025/09/24 13:19:21 DEBUG System health check cpu_usage=46 memory_usage_mb=172 disk_free_gb=59 active_connections=5
2025/09/24 13:19:22 INFO Background task completed task=file_cleanup task_id=153 duration_ms=2178
2025/09/24 13:19:23 INFO Background task started task=backup_job task_id=154
2025/09/24 13:19:25 INFO Background task completed task=backup_job task_id=154 duration_ms=1717
2025/09/24 13:19:26 INFO Background task started task=data_sync task_id=155
2025/09/24 13:19:28 INFO Background task completed task=data_sync task_id=155 duration_ms=2436
2025/09/24 13:19:29 INFO Background task started task=backup_job task_id=156
2025/09/24 13:19:29 INFO Background task completed task=backup_job task_id=156 duration_ms=511
2025/09/24 13:19:31 DEBUG System health check cpu_usage=24 memory_usage_mb=192 disk_free_gb=24 active_connections=9
2025/09/24 13:19:32 INFO Background task started task=cache_refresh task_id=157
2025/09/24 13:19:34 INFO Background task completed task=cache_refresh task_id=157 duration_ms=1890
2025/09/24 13:19:35 INFO Background task started task=backup_job task_id=158
2025/09/24 13:19:36 WARN Task completed with warnings task=backup_job task_id=158 duration_ms=816 warnings=3
2025/09/24 13:19:38 INFO Background task started task=cache_refresh task_id=159
2025/09/24 13:19:39 WARN Task completed with warnings task=cache_refresh task_id=159 duration_ms=1461 warnings=2
2025/09/24 13:19:41 DEBUG System health check cpu_usage=38 memory_usage_mb=169 disk_free_gb=33 active_connections=3
2025/09/24 13:19:41 INFO Background task started task=cache_refresh task_id=160
2025/09/24 13:19:42 INFO Background task completed task=cache_refresh task_id=160 duration_ms=661
2025/09/24 13:19:44 INFO Background task started task_id=161 task=data_sync
2025/09/24 13:19:45 INFO Background task completed task=data_sync task_id=161 duration_ms=959
2025/09/24 13:19:47 INFO Background task started task=data_sync task_id=162
2025/09/24 13:19:49 INFO Background task completed task=data_sync task_id=162 duration_ms=2251
2025/09/24 13:19:50 INFO Background task started task=backup_job task_id=163
2025/09/24 13:19:51 DEBUG System health check cpu_usage=23 memory_usage_mb=227 disk_free_gb=61 active_connections=7
2025/09/24 13:19:52 INFO Background task completed duration_ms=1783 task=backup_job task_id=163
2025/09/24 13:19:53 INFO Background task started task=backup_job task_id=164
2025/09/24 13:19:55 INFO Background task completed task=backup_job task_id=164 duration_ms=1888
2025/09/24 13:19:56 INFO Background task started task=data_sync task_id=165
2025/09/24 13:19:57 INFO Background task completed task=data_sync task_id=165 duration_ms=1160
2025/09/24 13:19:59 INFO Background task started task=data_sync task_id=166
2025/09/24 13:20:00 INFO Background task completed task=data_sync task_id=166 duration_ms=1229
2025/09/24 13:20:01 DEBUG System health check memory_usage_mb=262 disk_free_gb=25 active_connections=8 cpu_usage=40
2025/09/24 13:20:02 INFO Background task started task_id=167 task=data_sync
2025/09/24 13:20:03 INFO Background task completed task=data_sync task_id=167 duration_ms=1521
2025/09/24 13:20:05 INFO Background task started task=backup_job task_id=168
2025/09/24 13:20:06 INFO Background task completed task=backup_job task_id=168 duration_ms=1224
2025/09/24 13:20:08 INFO Background task started task=cache_refresh task_id=169
2025/09/24 13:20:09 INFO Background task completed task=cache_refresh task_id=169 duration_ms=940
2025/09/24 13:20:11 DEBUG System health check cpu_usage=30 memory_usage_mb=244 disk_free_gb=20 active_connections=6
2025/09/24 13:20:11 INFO Background task started task=data_sync task_id=170
2025/09/24 13:20:11 WARN Resource warning metric=memory_usage value=647 threshold=800
2025/09/24 13:20:13 INFO Background task completed task=data_sync task_id=170 duration_ms=2191
2025/09/24 13:20:14 INFO Background task started task=data_sync task_id=171
2025/09/24 13:20:15 INFO Background task completed task=data_sync task_id=171 duration_ms=1396
2025/09/24 13:20:17 INFO Background task started task=backup_job task_id=172
2025/09/24 13:20:18 INFO Background task completed task_id=172 duration_ms=745 task=backup_job
2025/09/24 13:20:20 INFO Background task started task=backup_job task_id=173
2025/09/24 13:20:21 DEBUG System health check disk_free_gb=23 active_connections=6 cpu_usage=41 memory_usage_mb=262
2025/09/24 13:20:21 WARN Resource warning metric=memory_usage value=613 threshold=800
2025/09/24 13:20:22 INFO Background task completed task=backup_job task_id=173 duration_ms=1634
2025/09/24 13:20:23 INFO Background task started task_id=174 task=file_cleanup
2025/09/24 13:20:25 INFO Background task completed task=file_cleanup task_id=174 duration_ms=2273
2025/09/24 13:20:26 INFO Background task started task=backup_job task_id=175
2025/09/24 13:20:27 WARN Task completed with warnings task=backup_job task_id=175 duration_ms=638 warnings=2
2025/09/24 13:20:29 INFO Background task started task=cache_refresh task_id=176
2025/09/24 13:20:31 DEBUG System health check disk_free_gb=27 active_connections=3 cpu_usage=48 memory_usage_mb=168
2025/09/24 13:20:31 INFO Background task completed task_id=176 duration_ms=2309 task=cache_refresh
2025/09/24 13:20:32 INFO Background task started task=backup_job task_id=177
2025/09/24 13:20:33 INFO Background task completed task_id=177 duration_ms=597 task=backup_job
2025/09/24 13:20:35 INFO Background task started task_id=178 task=backup_job
2025/09/24 13:20:37 INFO Background task completed task=backup_job task_id=178 duration_ms=1555
2025/09/24 13:20:38 INFO Background task started task=backup_job task_id=179
2025/09/24 13:20:40 INFO Background task completed task=backup_job task_id=179 duration_ms=1924
2025/09/24 13:20:41 DEBUG System health check cpu_usage=42 memory_usage_mb=164 disk_free_gb=46 active_connections=6
2025/09/24 13:20:41 INFO Background task started task_id=180 task=data_sync
2025/09/24 13:20:41 WARN Resource warning metric=memory_usage value=746 threshold=800
2025/09/24 13:20:42 INFO Background task completed task=data_sync task_id=180 duration_ms=863
2025/09/24 13:20:44 INFO Background task started task=cache_refresh task_id=181
2025/09/24 13:20:45 INFO Background task completed task=cache_refresh task_id=181 duration_ms=1292
2025/09/24 13:20:47 INFO Background task started task_id=182 task=data_sync
2025/09/24 13:20:49 WARN Task completed with warnings task=data_sync task_id=182 duration_ms=1685 warnings=3
2025/09/24 13:20:50 INFO Background task started task=cache_refresh task_id=183
2025/09/24 13:20:51 DEBUG System health check cpu_usage=31 memory_usage_mb=215 disk_free_gb=29 active_connections=7
2025/09/24 13:20:51 INFO Background task completed task=cache_refresh task_id=183 duration_ms=1370
2025/09/24 13:20:53 INFO Background task started task=backup_job task_id=184
2025/09/24 13:20:54 INFO Background task completed task=backup_job task_id=184 duration_ms=1470
2025/09/24 13:20:56 INFO Background task started task=backup_job task_id=185
2025/09/24 13:20:58 INFO Background task completed duration_ms=1578 task=backup_job task_id=185
2025/09/24 13:20:59 INFO Background task started task=file_cleanup task_id=186
2025/09/24 13:21:00 INFO Background task completed task=file_cleanup task_id=186 duration_ms=837
2025/09/24 13:21:01 DEBUG System health check active_connections=9 cpu_usage=32 memory_usage_mb=269 disk_free_gb=42
2025/09/24 13:21:02 INFO Background task started task=data_sync task_id=187
2025/09/24 13:21:04 INFO Background task completed task=data_sync task_id=187 duration_ms=1961
2025/09/24 13:21:05 INFO Background task started task=file_cleanup task_id=188
2025/09/24 13:21:07 INFO Background task completed task=file_cleanup task_id=188 duration_ms=1698
2025/09/24 13:21:08 INFO Background task started task=backup_job task_id=189
2025/09/24 13:21:10 INFO Background task completed duration_ms=2093 task=backup_job task_id=189
2025/09/24 13:21:11 INFO Background task started task=cache_refresh task_id=190
2025/09/24 13:21:11 DEBUG System health check disk_free_gb=69 active_connections=4 cpu_usage=45 memory_usage_mb=259
2025/09/24 13:21:13 INFO Background task completed task=cache_refresh task_id=190 duration_ms=2027
2025/09/24 13:21:14 INFO Background task started task=backup_job task_id=191
2025/09/24 13:21:15 WARN Task completed with warnings task=backup_job task_id=191 duration_ms=1359 warnings=1
2025/09/24 13:21:17 INFO Background task started task=file_cleanup task_id=192
2025/09/24 13:21:18 INFO Background task completed task=file_cleanup task_id=192 duration_ms=764
2025/09/24 13:21:20 INFO Background task started task=cache_refresh task_id=193
2025/09/24 13:21:21 DEBUG System health check cpu_usage=20 memory_usage_mb=183 disk_free_gb=23 active_connections=9
2025/09/24 13:21:22 INFO Background task completed task=cache_refresh task_id=193 duration_ms=2456
2025/09/24 13:21:23 INFO Background task started task=file_cleanup task_id=194
2025/09/24 13:21:24 WARN Task completed with warnings duration_ms=1322 warnings=1 task=file_cleanup task_id=194
2025/09/24 13:21:26 INFO Background task started task=file_cleanup task_id=195
2025/09/24 13:21:27 WARN Task completed with warnings task=file_cleanup task_id=195 duration_ms=1037 warnings=1
2025/09/24 13:21:29 INFO Background task started task=file_cleanup task_id=196
2025/09/24 13:21:30 INFO Background task completed task=file_cleanup task_id=196 duration_ms=863
2025/09/24 13:21:31 DEBUG System health check memory_usage_mb=292 disk_free_gb=26 active_connections=10 cpu_usage=49
2025/09/24 13:21:32 INFO Background task started task_id=197 task=cache_refresh
2025/09/24 13:21:33 INFO Background task completed task=cache_refresh task_id=197 duration_ms=574
2025/09/24 13:21:35 INFO Background task started task_id=198 task=backup_job
2025/09/24 13:21:37 INFO Background task completed task_id=198 duration_ms=2179 task=backup_job
2025/09/24 13:21:38 INFO Background task started task=cache_refresh task_id=199
2025/09/24 13:21:39 INFO Background task completed task=cache_refresh task_id=199 duration_ms=1216
2025/09/24 13:21:41 INFO Background task started task=backup_job task_id=200
2025/09/24 13:21:41 DEBUG System health check cpu_usage=47 memory_usage_mb=141 disk_free_gb=48 active_connections=2
2025/09/24 13:21:43 INFO Background task completed task=backup_job task_id=200 duration_ms=1599
2025/09/24 13:21:44 INFO Background task started task=cache_refresh task_id=201
2025/09/24 13:21:46 WARN Task completed with warnings task=cache_refresh task_id=201 duration_ms=1946 warnings=1
2025/09/24 13:21:47 INFO Background task started task=backup_job task_id=202
2025/09/24 13:21:49 INFO Background task completed task=backup_job task_id=202 duration_ms=2390
2025/09/24 13:21:50 INFO Background task started task_id=203 task=file_cleanup
2025/09/24 13:21:51 DEBUG System health check cpu_usage=26 memory_usage_mb=163 disk_free_gb=44 active_connections=3
2025/09/24 13:21:52 INFO Background task completed task=file_cleanup task_id=203 duration_ms=2449
2025/09/24 13:21:53 INFO Background task started task_id=204 task=file_cleanup
2025/09/24 13:21:55 INFO Background task completed duration_ms=2365 task=file_cleanup task_id=204
2025/09/24 13:21:56 INFO Background task started task_id=205 task=backup_job
2025/09/24 13:21:58 INFO Background task completed task_id=205 duration_ms=1899 task=backup_job
2025/09/24 13:21:59 INFO Background task started task_id=206 task=cache_refresh
2025/09/24 13:22:00 INFO Background task completed task=cache_refresh task_id=206 duration_ms=1185
2025/09/24 13:22:01 DEBUG System health check memory_usage_mb=199 disk_free_gb=52 active_connections=4 cpu_usage=39
2025/09/24 13:22:02 INFO Background task started task_id=207 task=data_sync
2025/09/24 13:22:03 INFO Background task completed task=data_sync task_id=207 duration_ms=1507
2025/09/24 13:22:05 INFO Background task started task=file_cleanup task_id=208
2025/09/24 13:22:06 INFO Background task completed task_id=208 duration_ms=1316 task=file_cleanup
2025/09/24 13:22:08 INFO Background task started task=file_cleanup task_id=209
2025/09/24 13:22:09 WARN Task completed with warnings task=file_cleanup task_id=209 duration_ms=831 warnings=1
2025/09/24 13:22:11 INFO Background task started task=file_cleanup task_id=210
2025/09/24 13:22:11 DEBUG System health check cpu_usage=42 memory_usage_mb=267 disk_free_gb=41 active_connections=10
2025/09/24 13:22:13 INFO Background task completed task=file_cleanup task_id=210 duration_ms=1777
2025/09/24 13:22:14 INFO Background task started task=file_cleanup task_id=211
2025/09/24 13:22:15 INFO Background task completed task=file_cleanup task_id=211 duration_ms=544
2025/09/24 13:22:17 INFO Background task started task=file_cleanup task_id=212
2025/09/24 13:22:18 INFO Background task completed task=file_cleanup task_id=212 duration_ms=1346
2025/09/24 13:22:20 INFO Background task started task=file_cleanup task_id=213
2025/09/24 13:22:21 INFO Background task completed task_id=213 duration_ms=555 task=file_cleanup
2025/09/24 13:22:21 DEBUG System health check cpu_usage=34 memory_usage_mb=167 disk_free_gb=44 active_connections=3
2025/09/24 13:22:21 WARN Resource warning metric=memory_usage value=616 threshold=800
2025/09/24 13:22:23 INFO Background task started task=file_cleanup task_id=214
2025/09/24 13:22:24 INFO Background task completed duration_ms=1301 task=file_cleanup task_id=214
2025/09/24 13:22:26 INFO Background task started task=file_cleanup task_id=215
2025/09/24 13:22:28 INFO Background task completed task=file_cleanup task_id=215 duration_ms=1704
2025/09/24 13:22:29 INFO Background task started task=cache_refresh task_id=216
2025/09/24 13:22:31 DEBUG System health check cpu_usage=28 memory_usage_mb=273 disk_free_gb=41 active_connections=4
2025/09/24 13:22:31 INFO Background task completed task=cache_refresh task_id=216 duration_ms=2322
2025/09/24 13:22:32 INFO Background task started task=backup_job task_id=217
2025/09/24 13:22:34 WARN Task completed with warnings task=backup_job task_id=217 duration_ms=1831 warnings=1
2025/09/24 13:22:35 INFO Background task started task=data_sync task_id=218
2025/09/24 13:22:37 INFO Background task completed task=data_sync task_id=218 duration_ms=2095
2025/09/24 13:22:38 INFO Background task started task_id=219 task=backup_job
2025/09/24 13:22:39 INFO Background task completed task=backup_job task_id=219 duration_ms=1258
2025/09/24 13:22:41 INFO Background task started task=data_sync task_id=220
2025/09/24 13:22:41 DEBUG System health check memory_usage_mb=151 disk_free_gb=25 active_connections=4 cpu_usage=48
2025/09/24 13:22:41 WARN Resource warning metric=memory_usage value=672 threshold=800
2025/09/24 13:22:42 INFO Background task completed task=data_sync task_id=220 duration_ms=693
2025/09/24 13:22:44 INFO Background task started task=cache_refresh task_id=221
2025/09/24 13:22:45 INFO Background task completed duration_ms=991 task=cache_refresh task_id=221
2025/09/24 13:22:47 INFO Background task started task=file_cleanup task_id=222
2025/09/24 13:22:48 INFO Background task completed task=file_cleanup task_id=222 duration_ms=1254
2025/09/24 13:22:50 INFO Background task started task=file_cleanup task_id=223
2025/09/24 13:22:51 INFO Background task completed task=file_cleanup task_id=223 duration_ms=962
2025/09/24 13:22:51 DEBUG System health check cpu_usage=22 memory_usage_mb=138 disk_free_gb=52 active_connections=9
2025/09/24 13:22:53 INFO Background task started task=file_cleanup task_id=224
2025/09/24 13:22:54 INFO Background task completed task=file_cleanup task_id=224 duration_ms=908
2025/09/24 13:22:56 INFO Background task started task=file_cleanup task_id=225
2025/09/24 13:22:57 INFO Background task completed task=file_cleanup task_id=225 duration_ms=1389
2025/09/24 13:22:59 INFO Background task started task_id=226 task=backup_job
2025/09/24 13:23:01 INFO Background task completed task=backup_job task_id=226 duration_ms=1648
2025/09/24 13:23:01 DEBUG System health check cpu_usage=39 memory_usage_mb=282 disk_free_gb=37 active_connections=3
2025/09/24 13:23:02 INFO Background task started task=cache_refresh task_id=227
2025/09/24 13:23:04 INFO Background task completed task=cache_refresh task_id=227 duration_ms=1682
2025/09/24 13:23:05 INFO Background task started task=file_cleanup task_id=228
2025/09/24 13:23:07 INFO Background task completed task=file_cleanup task_id=228 duration_ms=2183
2025/09/24 13:23:08 INFO Background task started task=data_sync task_id=229
2025/09/24 13:23:09 INFO Background task completed task_id=229 duration_ms=1409 task=data_sync
2025/09/24 13:23:11 INFO Background task started task=backup_job task_id=230
2025/09/24 13:23:11 DEBUG System health check cpu_usage=39 memory_usage_mb=299 disk_free_gb=63 active_connections=10
2025/09/24 13:23:13 INFO Background task completed duration_ms=2281 task=backup_job task_id=230
2025/09/24 13:23:14 INFO Background task started task=data_sync task_id=231
2025/09/24 13:23:15 INFO Background task completed duration_ms=997 task=data_sync task_id=231
2025/09/24 13:23:17 INFO Background task started task=backup_job task_id=232
2025/09/24 13:23:18 INFO Background task completed task=backup_job task_id=232 duration_ms=846
2025/09/24 13:23:20 INFO Background task started task=data_sync task_id=233
2025/09/24 13:23:21 INFO Background task completed task=data_sync task_id=233 duration_ms=745
2025/09/24 13:23:21 DEBUG System health check disk_free_gb=40 active_connections=3 cpu_usage=24 memory_usage_mb=178
2025/09/24 13:23:23 INFO Background task started task=backup_job task_id=234
2025/09/24 13:23:24 INFO Background task completed task=backup_job task_id=234 duration_ms=1085
2025/09/24 13:23:26 INFO Background task started task=backup_job task_id=235
2025/09/24 13:23:28 INFO Background task completed task=backup_job task_id=235 duration_ms=1663
2025/09/24 13:23:29 INFO Background task started task=file_cleanup task_id=236
2025/09/24 13:23:31 DEBUG System health check active_connections=6 cpu_usage=44 memory_usage_mb=290 disk_free_gb=27
2025/09/24 13:23:31 INFO Background task completed duration_ms=2336 task=file_cleanup task_id=236
2025/09/24 13:23:32 INFO Background task started task=data_sync task_id=237
2025/09/24 13:23:33 WARN Task completed with warnings warnings=1 task=data_sync task_id=237 duration_ms=665
2025/09/24 13:23:35 INFO Background task started task_id=238 task=cache_refresh
2025/09/24 13:23:37 WARN Task completed with warnings task=cache_refresh task_id=238 duration_ms=1657 warnings=3
2025/09/24 13:23:38 INFO Background task started task=data_sync task_id=239
2025/09/24 13:23:39 WARN Task completed with warnings task=data_sync task_id=239 duration_ms=1376 warnings=3
2025/09/24 13:23:41 DEBUG System health check memory_usage_mb=198 disk_free_gb=32 active_connections=10 cpu_usage=42
2025/09/24 13:23:41 INFO Background task started task_id=240 task=backup_job
2025/09/24 13:23:43 INFO Background task completed task_id=240 duration_ms=1557 task=backup_job
2025/09/24 13:23:44 INFO Background task started task=file_cleanup task_id=241
2025/09/24 13:23:46 INFO Background task completed task=file_cleanup task_id=241 duration_ms=1571
2025/09/24 13:23:47 INFO Background task started task=data_sync task_id=242
2025/09/24 13:23:49 INFO Background task completed task=data_sync task_id=242 duration_ms=1749
2025/09/24 13:23:50 INFO Background task started task_id=243 task=data_sync
2025/09/24 13:23:51 DEBUG System health check cpu_usage=47 memory_usage_mb=228 disk_free_gb=28 active_connections=8
2025/09/24 13:23:52 INFO Background task completed task=data_sync task_id=243 duration_ms=1829
2025/09/24 13:23:53 INFO Background task started task=file_cleanup task_id=244
2025/09/24 13:23:54 INFO Background task completed task=file_cleanup task_id=244 duration_ms=1028
2025/09/24 13:23:56 INFO Background task started task=cache_refresh task_id=245
2025/09/24 13:23:58 WARN Task completed with warnings task=cache_refresh task_id=245 duration_ms=2422 warnings=2
2025/09/24 13:23:59 INFO Background task started task=file_cleanup task_id=246
2025/09/24 13:24:00 INFO Background task completed task=file_cleanup task_id=246 duration_ms=1473
2025/09/24 13:24:01 DEBUG System health check disk_free_gb=40 active_connections=9 cpu_usage=36 memory_usage_mb=193
2025/09/24 13:24:02 INFO Background task started task=backup_job task_id=247
2025/09/24 13:24:04 INFO Background task completed task=backup_job task_id=247 duration_ms=2212
2025/09/24 13:24:05 INFO Background task started task=file_cleanup task_id=248
2025/09/24 13:24:07 INFO Background task completed task_id=248 duration_ms=2304 task=file_cleanup
2025/09/24 13:24:08 INFO Background task started task=backup_job task_id=249
2025/09/24 13:24:09 INFO Background task completed task=backup_job task_id=249 duration_ms=560
2025/09/24 13:24:11 INFO Background task started task=data_sync task_id=250
2025/09/24 13:24:11 DEBUG System health check cpu_usage=30 memory_usage_mb=233 disk_free_gb=26 active_connections=4
2025/09/24 13:24:11 WARN Resource warning metric=memory_usage value=840 threshold=800
2025/09/24 13:24:12 INFO Background task completed task=data_sync task_id=250 duration_ms=641
2025/09/24 13:24:14 INFO Background task started task=data_sync task_id=251
2025/09/24 13:24:15 INFO Background task completed task=data_sync task_id=251 duration_ms=1260
2025/09/24 13:24:17 INFO Background task started task_id=252 task=backup_job
2025/09/24 13:24:18 INFO Background task completed task_id=252 duration_ms=1451 task=backup_job
2025/09/24 13:24:20 INFO Background task started task=cache_refresh task_id=253
2025/09/24 13:24:21 DEBUG System health check cpu_usage=45 memory_usage_mb=123 disk_free_gb=57 active_connections=3
2025/09/24 13:24:21 INFO Background task completed duration_ms=1000 task=cache_refresh task_id=253
2025/09/24 13:24:23 INFO Background task started task=cache_refresh task_id=254
2025/09/24 13:24:25 INFO Background task completed task=cache_refresh task_id=254 duration_ms=2419
2025/09/24 13:24:26 INFO Background task started task=file_cleanup task_id=255
2025/09/24 13:24:28 INFO Background task completed task=file_cleanup task_id=255 duration_ms=2454
2025/09/24 13:24:29 INFO Background task started task_id=256 task=data_sync
2025/09/24 13:24:31 INFO Background task completed task=data_sync task_id=256 duration_ms=1810
2025/09/24 13:24:31 DEBUG System health check cpu_usage=27 memory_usage_mb=277 disk_free_gb=24 active_connections=5
2025/09/24 13:24:31 WARN Resource warning threshold=800 metric=memory_usage value=970
2025/09/24 13:24:32 INFO Background task started task=data_sync task_id=257
2025/09/24 13:24:34 WARN Task completed with warnings task=data_sync task_id=257 duration_ms=2335 warnings=1
2025/09/24 13:24:35 INFO Background task started task=file_cleanup task_id=258
2025/09/24 13:24:37 INFO Background task completed duration_ms=1654 task=file_cleanup task_id=258
2025/09/24 13:24:38 INFO Background task started task=data_sync task_id=259
2025/09/24 13:24:40 INFO Background task completed task=data_sync task_id=259 duration_ms=2308
2025/09/24 13:24:41 DEBUG System health check cpu_usage=42 memory_usage_mb=240 disk_free_gb=30 active_connections=7
2025/09/24 13:24:41 INFO Background task started task=backup_job task_id=260
2025/09/24 13:24:43 INFO Background task completed task=backup_job task_id=260 duration_ms=2461
2025/09/24 13:24:44 INFO Background task started task=cache_refresh task_id=261
2025/09/24 13:24:46 WARN Task completed with warnings task=cache_refresh task_id=261 duration_ms=1816 warnings=2
2025/09/24 13:24:47 INFO Background task started task=data_sync task_id=262
2025/09/24 13:24:49 INFO Background task completed task=data_sync task_id=262 duration_ms=1532
2025/09/24 13:24:50 INFO Background task started task=backup_job task_id=263
2025/09/24 13:24:51 DEBUG System health check disk_free_gb=40 active_connections=10 cpu_usage=32 memory_usage_mb=152
2025/09/24 13:24:51 INFO Background task completed task=backup_job task_id=263 duration_ms=1116
2025/09/24 13:24:53 INFO Background task started task=cache_refresh task_id=264
2025/09/24 13:24:55 INFO Background task completed duration_ms=2173 task=cache_refresh task_id=264
2025/09/24 13:24:56 INFO Background task started task=file_cleanup task_id=265
2025/09/24 13:24:58 INFO Background task completed task=file_cleanup task_id=265 duration_ms=1768
2025/09/24 13:24:59 INFO Background task started task=file_cleanup task_id=266
2025/09/24 13:25:01 DEBUG System health check memory_usage_mb=124 disk_free_gb=28 active_connections=2 cpu_usage=34
2025/09/24 13:25:01 INFO Background task completed task=file_cleanup task_id=266 duration_ms=2471
2025/09/24 13:25:02 INFO Background task started task=cache_refresh task_id=267
2025/09/24 13:25:04 INFO Background task completed task=cache_refresh task_id=267 duration_ms=1579
2025/09/24 13:25:05 INFO Background task started task=backup_job task_id=268
2025/09/24 13:25:06 INFO Background task completed task=backup_job task_id=268 duration_ms=574
2025/09/24 13:25:08 INFO Background task started task_id=269 task=backup_job
2025/09/24 13:25:10 INFO Background task completed task_id=269 duration_ms=1734 task=backup_job
2025/09/24 13:25:11 DEBUG System health check cpu_usage=24 memory_usage_mb=209 disk_free_gb=30 active_connections=10
2025/09/24 13:25:11 INFO Background task started task=file_cleanup task_id=270
2025/09/24 13:25:13 INFO Background task completed task=file_cleanup task_id=270 duration_ms=2202
2025/09/24 13:25:14 INFO Background task started task=cache_refresh task_id=271
2025/09/24 13:25:15 INFO Background task completed task=cache_refresh task_id=271 duration_ms=1472
2025/09/24 13:25:17 INFO Background task started task=data_sync task_id=272
2025/09/24 13:25:19 INFO Background task completed duration_ms=1718 task=data_sync task_id=272
2025/09/24 13:25:20 INFO Background task started task=backup_job task_id=273
2025/09/24 13:25:21 DEBUG System health check cpu_usage=34 memory_usage_mb=214 disk_free_gb=26 active_connections=10
2025/09/24 13:25:22 INFO Background task completed task=backup_job task_id=273 duration_ms=1609
2025/09/24 13:25:23 INFO Background task started task=cache_refresh task_id=274
2025/09/24 13:25:24 INFO Background task completed task=cache_refresh task_id=274 duration_ms=561
2025/09/24 13:25:26 INFO Background task started task=file_cleanup task_id=275
2025/09/24 13:25:28 INFO Background task completed task=file_cleanup task_id=275 duration_ms=1784
2025/09/24 13:25:29 INFO Background task started task=backup_job task_id=276
2025/09/24 13:25:30 INFO Background task completed duration_ms=1006 task=backup_job task_id=276
2025/09/24 13:25:31 DEBUG System health check cpu_usage=21 memory_usage_mb=216 disk_free_gb=69 active_connections=2
2025/09/24 13:25:32 INFO Background task started task_id=277 task=data_sync
2025/09/24 13:25:33 INFO Background task completed task=data_sync task_id=277 duration_ms=684
2025/09/24 13:25:35 INFO Background task started task=cache_refresh task_id=278
2025/09/24 13:25:37 INFO Background task completed task=cache_refresh task_id=278 duration_ms=1526
2025/09/24 13:25:38 INFO Background task started task=backup_job task_id=279
2025/09/24 13:25:40 INFO Background task completed task=backup_job task_id=279 duration_ms=1709
2025/09/24 13:25:41 DEBUG System health check cpu_usage=29 memory_usage_mb=266 disk_free_gb=55 active_connections=1
2025/09/24 13:25:41 INFO Background task started task=cache_refresh task_id=280
2025/09/24 13:25:42 INFO Background task completed task=cache_refresh task_id=280 duration_ms=959
2025/09/24 13:25:44 INFO Background task started task=backup_job task_id=281
2025/09/24 13:25:45 INFO Background task completed duration_ms=702 task=backup_job task_id=281
2025/09/24 13:25:47 INFO Background task started task=cache_refresh task_id=282
2025/09/24 13:25:48 INFO Background task completed task_id=282 duration_ms=1054 task=cache_refresh
2025/09/24 13:25:50 INFO Background task started task=backup_job task_id=283
2025/09/24 13:25:51 INFO Background task completed task_id=283 duration_ms=952 task=backup_job
2025/09/24 13:25:51 DEBUG System health check active_connections=1 cpu_usage=23 memory_usage_mb=156 disk_free_gb=50
2025/09/24 13:25:51 WARN Resource warning metric=memory_usage value=820 threshold=800
2025/09/24 13:25:53 INFO Background task started task=cache_refresh task_id=284
2025/09/24 13:25:54 WARN Task completed with warnings warnings=3 task=cache_refresh task_id=284 duration_ms=925
2025/09/24 13:25:56 INFO Background task started task_id=285 task=data_sync
2025/09/24 13:25:58 INFO Background task completed task=data_sync task_id=285 duration_ms=2263
2025/09/24 13:25:59 INFO Background task started task=backup_job task_id=286
2025/09/24 13:26:00 INFO Background task completed task=backup_job task_id=286 duration_ms=1239
2025/09/24 13:26:01 DEBUG System health check cpu_usage=41 memory_usage_mb=110 disk_free_gb=64 active_connections=8
2025/09/24 13:26:02 INFO Background task started task=file_cleanup task_id=287
2025/09/24 13:26:03 INFO Background task completed task=file_cleanup task_id=287 duration_ms=1459
2025/09/24 13:26:05 INFO Background task started task_id=288 task=cache_refresh
2025/09/24 13:26:06 INFO Background task completed task=cache_refresh task_id=288 duration_ms=1128
2025/09/24 13:26:08 INFO Background task started task=file_cleanup task_id=289
2025/09/24 13:26:10 INFO Background task completed task=file_cleanup task_id=289 duration_ms=2307
2025/09/24 13:26:11 DEBUG System health check memory_usage_mb=228 disk_free_gb=35 active_connections=3 cpu_usage=42
2025/09/24 13:26:11 INFO Background task started task=backup_job task_id=290
2025/09/24 13:26:12 INFO Background task completed task_id=290 duration_ms=930 task=backup_job
2025/09/24 13:26:14 INFO Background task started task=file_cleanup task_id=291
2025/09/24 13:26:16 INFO Background task completed task=file_cleanup task_id=291 duration_ms=1855
2025/09/24 13:26:17 INFO Background task started task=cache_refresh task_id=292
2025/09/24 13:26:19 INFO Background task completed task=cache_refresh task_id=292 duration_ms=1967
2025/09/24 13:26:20 INFO Background task started task=data_sync task_id=293
2025/09/24 13:26:21 DEBUG System health check cpu_usage=38 memory_usage_mb=244 disk_free_gb=21 active_connections=4
2025/09/24 13:26:21 WARN Task completed with warnings task=data_sync task_id=293 duration_ms=1312 warnings=3
2025/09/24 13:26:23 INFO Background task started task=cache_refresh task_id=294
2025/09/24 13:26:25 INFO Background task completed task=cache_refresh task_id=294 duration_ms=2019
2025/09/24 13:26:26 INFO Background task started task=data_sync task_id=295
2025/09/24 13:26:28 INFO Background task completed task=data_sync task_id=295 duration_ms=1642
2025/09/24 13:26:29 INFO Background task started task=cache_refresh task_id=296
2025/09/24 13:26:31 INFO Background task completed task=cache_refresh task_id=296 duration_ms=1870
2025/09/24 13:26:31 DEBUG System health check disk_free_gb=23 active_connections=2 cpu_usage=44 memory_usage_mb=253
2025/09/24 13:26:31 ERROR Background service error service=file_watcher error=permission_denied retry_in_seconds=30
2025/09/24 13:26:32 INFO Background task started task=data_sync task_id=297
2025/09/24 13:26:33 INFO Background task completed task=data_sync task_id=297 duration_ms=1522
2025/09/24 13:26:35 INFO Background task started task=cache_refresh task_id=298
2025/09/24 13:26:37 INFO Background task completed duration_ms=1982 task=cache_refresh task_id=298
2025/09/24 13:26:38 INFO Background task started task=cache_refresh task_id=299
2025/09/24 13:26:40 INFO Background task completed task=cache_refresh task_id=299 duration_ms=1708
2025/09/24 13:26:41 DEBUG System health check cpu_usage=43 memory_usage_mb=271 disk_free_gb=68 active_connections=6
2025/09/24 13:26:41 INFO Background task started task=cache_refresh task_id=300
2025/09/24 13:26:42 WARN Task completed with warnings task=cache_refresh task_id=300 duration_ms=587 warnings=1
2025/09/24 13:26:44 INFO Background task started task=data_sync task_id=301
2025/09/24 13:26:46 INFO Background task completed task=data_sync task_id=301 duration_ms=2464
2025/09/24 13:26:47 INFO Background task started task=data_sync task_id=302
2025/09/24 13:26:48 INFO Background task completed task=data_sync task_id=302 duration_ms=695
2025/09/24 13:26:50 INFO Background task started task=cache_refresh task_id=303
2025/09/24 13:26:51 DEBUG System health check cpu_usage=29 memory_usage_mb=138 disk_free_gb=49 active_connections=3
2025/09/24 13:26:51 INFO Background task completed task=cache_refresh task_id=303 duration_ms=1076
2025/09/24 13:26:53 INFO Background task started task=cache_refresh task_id=304
2025/09/24 13:26:54 INFO Background task completed task_id=304 duration_ms=1097 task=cache_refresh
2025/09/24 13:26:56 INFO Background task started task=file_cleanup task_id=305
2025/09/24 13:26:58 INFO Background task completed task=file_cleanup task_id=305 duration_ms=2058
2025/09/24 13:26:59 INFO Background task started task=cache_refresh task_id=306
2025/09/24 13:27:01 WARN Task completed with warnings task=cache_refresh task_id=306 duration_ms=1992 warnings=1
2025/09/24 13:27:01 DEBUG System health check cpu_usage=32 memory_usage_mb=147 disk_free_gb=29 active_connections=5
2025/09/24 13:27:02 INFO Background task started task=backup_job task_id=307
2025/09/24 13:27:04 INFO Background task completed task=backup_job task_id=307 duration_ms=2340
2025/09/24 13:27:05 INFO Background task started task=file_cleanup task_id=308
2025/09/24 13:27:06 INFO Background task completed task=file_cleanup task_id=308 duration_ms=686
2025/09/24 13:27:08 INFO Background task started task=cache_refresh task_id=309
2025/09/24 13:27:10 INFO Background task completed task=cache_refresh task_id=309 duration_ms=2339
2025/09/24 13:27:11 DEBUG System health check cpu_usage=38 memory_usage_mb=241 disk_free_gb=44 active_connections=3
2025/09/24 13:27:11 INFO Background task started task_id=310 task=file_cleanup
2025/09/24 13:27:12 INFO Background task completed task=file_cleanup task_id=310 duration_ms=752
2025/09/24 13:27:14 INFO Background task started task=data_sync task_id=311
2025/09/24 13:27:16 INFO Background task completed task=data_sync task_id=311 duration_ms=2237
2025/09/24 13:27:17 INFO Background task started task=cache_refresh task_id=312
2025/09/24 13:27:18 WARN Task completed with warnings task=cache_refresh task_id=312 duration_ms=1312 warnings=2
2025/09/24 13:27:20 INFO Background task started task=file_cleanup task_id=313
2025/09/24 13:27:21 DEBUG System health check cpu_usage=36 memory_usage_mb=112 disk_free_gb=40 active_connections=10
2025/09/24 13:27:22 INFO Background task completed task_id=313 duration_ms=2270 task=file_cleanup
2025/09/24 13:27:23 INFO Background task started task=cache_refresh task_id=314
2025/09/24 13:27:24 INFO Background task completed task=cache_refresh task_id=314 duration_ms=1381
2025/09/24 13:27:26 INFO Background task started task=backup_job task_id=315
2025/09/24 13:27:28 INFO Background task completed task=backup_job task_id=315 duration_ms=2055
2025/09/24 13:27:29 INFO Background task started task_id=316 task=cache_refresh
2025/09/24 13:27:30 INFO Background task completed task=cache_refresh task_id=316 duration_ms=551
2025/09/24 13:27:31 DEBUG System health check cpu_usage=37 memory_usage_mb=232 disk_free_gb=48 active_connections=2
2025/09/24 13:27:31 WARN Resource warning metric=memory_usage value=992 threshold=800
2025/09/24 13:27:32 INFO Background task started task=cache_refresh task_id=317
2025/09/24 13:27:34 WARN Task completed with warnings task=cache_refresh task_id=317 duration_ms=2229 warnings=1
2025/09/24 13:27:35 INFO Background task started task=file_cleanup task_id=318
2025/09/24 13:27:36 INFO Background task completed task=file_cleanup task_id=318 duration_ms=1116
2025/09/24 13:27:38 INFO Background task started task=cache_refresh task_id=319
2025/09/24 13:27:38 INFO Background task completed task=cache_refresh task_id=319 duration_ms=518
2025/09/24 13:27:41 DEBUG System health check active_connections=8 cpu_usage=34 memory_usage_mb=107 disk_free_gb=25
2025/09/24 13:27:41 INFO Background task started task_id=320 task=backup_job
2025/09/24 13:27:42 INFO Background task completed task=backup_job task_id=320 duration_ms=830
2025/09/24 13:27:44 INFO Background task started task_id=321 task=backup_job
2025/09/24 13:27:46 INFO Background task completed task=backup_job task_id=321 duration_ms=2169
2025/09/24 13:27:47 INFO Background task started task=data_sync task_id=322
2025/09/24 13:27:48 INFO Background task completed task=data_sync task_id=322 duration_ms=700
2025/09/24 13:27:50 INFO Background task started task=file_cleanup task_id=323
2025/09/24 13:27:51 INFO Background task completed task=file_cleanup task_id=323 duration_ms=609
2025/09/24 13:27:51 DEBUG System health check cpu_usage=22 memory_usage_mb=237 disk_free_gb=23 active_connections=3
2025/09/24 13:27:53 INFO Background task started task_id=324 task=cache_refresh
2025/09/24 13:27:55 INFO Background task completed task=cache_refresh task_id=324 duration_ms=2309
2025/09/24 13:27:56 INFO Background task started task=data_sync task_id=325
2025/09/24 13:27:57 INFO Background task completed task=data_sync task_id=325 duration_ms=682
2025/09/24 13:27:59 INFO Background task started task=file_cleanup task_id=326
2025/09/24 13:28:01 DEBUG System health check cpu_usage=20 memory_usage_mb=189 disk_free_gb=46 active_connections=2
2025/09/24 13:28:01 INFO Background task completed task=file_cleanup task_id=326 duration_ms=2273
2025/09/24 13:28:02 INFO Background task started task=cache_refresh task_id=327
2025/09/24 13:28:04 INFO Background task completed duration_ms=2343 task=cache_refresh task_id=327
2025/09/24 13:28:05 INFO Background task started task=cache_refresh task_id=328
2025/09/24 13:28:07 INFO Background task completed task_id=328 duration_ms=1959 task=cache_refresh
2025/09/24 13:28:08 INFO Background task started task=data_sync task_id=329
2025/09/24 13:28:10 INFO Background task completed task=data_sync task_id=329 duration_ms=2228
2025/09/24 13:28:11 INFO Background task started task=backup_job task_id=330
2025/09/24 13:28:11 DEBUG System health check memory_usage_mb=114 disk_free_gb=41 active_connections=10 cpu_usage=25
2025/09/24 13:28:13 INFO Background task completed task=backup_job task_id=330 duration_ms=1781
2025/09/24 13:28:14 INFO Background task started task=data_sync task_id=331
2025/09/24 13:28:15 INFO Background task completed task=data_sync task_id=331 duration_ms=532
2025/09/24 13:28:17 INFO Background task started task=cache_refresh task_id=332
2025/09/24 13:28:19 INFO Background task completed task_id=332 duration_ms=1564 task=cache_refresh
2025/09/24 13:28:20 INFO Background task started task=backup_job task_id=333
2025/09/24 13:28:21 DEBUG System health check cpu_usage=20 memory_usage_mb=102 disk_free_gb=55 active_connections=8
2025/09/24 13:28:22 INFO Background task completed task=backup_job task_id=333 duration_ms=1705
2025/09/24 13:28:23 INFO Background task started task_id=334 task=data_sync
2025/09/24 13:28:24 INFO Background task completed task=data_sync task_id=334 duration_ms=693
2025/09/24 13:28:26 INFO Background task started task=file_cleanup task_id=335
2025/09/24 13:28:28 INFO Background task completed duration_ms=1802 task=file_cleanup task_id=335
2025/09/24 13:28:29 INFO Background task started task=file_cleanup task_id=336
2025/09/24 13:28:30 INFO Background task completed duration_ms=1442 task=file_cleanup task_id=336
2025/09/24 13:28:31 DEBUG System health check cpu_usage=49 memory_usage_mb=281 disk_free_gb=64 active_connections=4
2025/09/24 13:28:32 INFO Background task started task=data_sync task_id=337
2025/09/24 13:28:34 INFO Background task completed task=data_sync task_id=337 duration_ms=1694
2025/09/24 13:28:35 INFO Background task started task_id=338 task=cache_refresh
2025/09/24 13:28:36 INFO Background task completed task=cache_refresh task_id=338 duration_ms=640
2025/09/24 13:28:38 INFO Background task started task=data_sync task_id=339
2025/09/24 13:28:39 INFO Background task completed task=data_sync task_id=339 duration_ms=930
2025/09/24 13:28:41 DEBUG System health check cpu_usage=24 memory_usage_mb=260 disk_free_gb=48 active_connections=6
2025/09/24 13:28:41 INFO Background task started task=cache_refresh task_id=340
2025/09/24 13:28:42 INFO Background task completed duration_ms=1015 task=cache_refresh task_id=340
2025/09/24 13:28:44 INFO Background task started task=data_sync task_id=341
2025/09/24 13:28:46 INFO Background task completed task=data_sync task_id=341 duration_ms=1759
2025/09/24 13:28:47 INFO Background task started task=backup_job task_id=342
2025/09/24 13:28:48 WARN Task completed with warnings duration_ms=549 warnings=3 task=backup_job task_id=342
2025/09/24 13:28:50 INFO Background task started task=backup_job task_id=343
2025/09/24 13:28:51 WARN Task completed with warnings task=backup_job task_id=343 duration_ms=792 warnings=1
2025/09/24 13:28:51 DEBUG System health check cpu_usage=43 memory_usage_mb=148 disk_free_gb=42 active_connections=9
2025/09/24 13:28:51 WARN Resource warning metric=memory_usage value=930 threshold=800
2025/09/24 13:28:53 INFO Background task started task=data_sync task_id=344
2025/09/24 13:28:54 INFO Background task completed task=data_sync task_id=344 duration_ms=1346
2025/09/24 13:28:56 INFO Background task started task=file_cleanup task_id=345
2025/09/24 13:28:58 INFO Background task completed task_id=345 duration_ms=2483 task=file_cleanup
2025/09/24 13:28:59 INFO Background task started task=backup_job task_id=346
2025/09/24 13:29:00 INFO Background task completed task_id=346 duration_ms=856 task=backup_job
2025/09/24 13:29:01 DEBUG System health check cpu_usage=21 memory_usage_mb=281 disk_free_gb=20 active_connections=2
2025/09/24 13:29:02 INFO Background task started task=cache_refresh task_id=347
2025/09/24 13:29:04 WARN Task completed with warnings task_id=347 duration_ms=1812 warnings=2 task=cache_refresh
2025/09/24 13:29:05 INFO Background task started task=cache_refresh task_id=348
2025/09/24 13:29:06 INFO Background task completed task=cache_refresh task_id=348 duration_ms=970
2025/09/24 13:29:08 INFO Background task started task_id=349 task=file_cleanup
2025/09/24 13:29:09 INFO Background task completed task_id=349 duration_ms=628 task=file_cleanup
2025/09/24 13:29:11 DEBUG System health check active_connections=7 cpu_usage=45 memory_usage_mb=156 disk_free_gb=39
2025/09/24 13:29:11 INFO Background task started task_id=350 task=data_sync
2025/09/24 13:29:11 WARN Resource warning metric=memory_usage value=837 threshold=800
2025/09/24 13:29:12 INFO Background task completed task=data_sync task_id=350 duration_ms=1290
2025/09/24 13:29:14 INFO Background task started task=data_sync task_id=351
2025/09/24 13:29:15 INFO Background task completed task=data_sync task_id=351 duration_ms=1099
2025/09/24 13:29:17 INFO Background task started task=cache_refresh task_id=352
2025/09/24 13:29:19 INFO Background task completed task=cache_refresh task_id=352 duration_ms=2075
2025/09/24 13:29:20 INFO Background task started task=cache_refresh task_id=353
2025/09/24 13:29:21 DEBUG System health check memory_usage_mb=132 disk_free_gb=25 active_connections=9 cpu_usage=34
2025/09/24 13:29:22 WARN Task completed with warnings task=cache_refresh task_id=353 duration_ms=1714 warnings=3
2025/09/24 13:29:23 INFO Background task started task=backup_job task_id=354
2025/09/24 13:29:24 INFO Background task completed task=backup_job task_id=354 duration_ms=1504
2025/09/24 13:29:26 INFO Background task started task=file_cleanup task_id=355
2025/09/24 13:29:27 INFO Background task completed task=file_cleanup task_id=355 duration_ms=529
2025/09/24 13:29:29 INFO Background task started task=data_sync task_id=356
2025/09/24 13:29:30 INFO Background task completed task_id=356 duration_ms=994 task=data_sync
2025/09/24 13:29:31 DEBUG System health check cpu_usage=20 memory_usage_mb=140 disk_free_gb=54 active_connections=6
2025/09/24 13:29:32 INFO Background task started task=cache_refresh task_id=357
2025/09/24 13:29:34 INFO Background task completed task=cache_refresh task_id=357 duration_ms=1878
2025/09/24 13:29:35 INFO Background task started task_id=358 task=data_sync
2025/09/24 13:29:37 INFO Background task completed task=data_sync task_id=358 duration_ms=1741
2025/09/24 13:29:38 INFO Background task started task=data_sync task_id=359
2025/09/24 13:29:40 INFO Background task completed duration_ms=2377 task=data_sync task_id=359
2025/09/24 13:29:41 DEBUG System health check cpu_usage=29 memory_usage_mb=281 disk_free_gb=30 active_connections=3
2025/09/24 13:29:41 INFO Background task started task_id=360 task=cache_refresh
2025/09/24 13:29:42 INFO Background task completed task=cache_refresh task_id=360 duration_ms=552
2025/09/24 13:29:44 INFO Background task started task=cache_refresh task_id=361
2025/09/24 13:29:46 INFO Background task completed task=cache_refresh task_id=361 duration_ms=2239
2025/09/24 13:29:47 INFO Background task started task=backup_job task_id=362
2025/09/24 13:29:49 WARN Task completed with warnings task=backup_job task_id=362 duration_ms=1735 warnings=2
2025/09/24 13:29:50 INFO Background task started task=cache_refresh task_id=363
2025/09/24 13:29:51 INFO Background task completed task_id=363 duration_ms=985 task=cache_refresh
2025/09/24 13:29:51 DEBUG System health check memory_usage_mb=147 disk_free_gb=66 active_connections=4 cpu_usage=32
2025/09/24 13:29:53 INFO Background task started task=file_cleanup task_id=364
2025/09/24 13:29:55 INFO Background task completed task=file_cleanup task_id=364 duration_ms=1742
2025/09/24 13:29:56 INFO Background task started task=file_cleanup task_id=365
2025/09/24 13:29:57 INFO Background task completed task=file_cleanup task_id=365 duration_ms=642
2025/09/24 13:29:59 INFO Background task started task=backup_job task_id=366
2025/09/24 13:30:01 DEBUG System health check cpu_usage=23 memory_usage_mb=202 disk_free_gb=47 active_connections=4
2025/09/24 13:30:01 INFO Background task completed task=backup_job task_id=366 duration_ms=2404
2025/09/24 13:30:02 INFO Background task started task_id=367 task=data_sync
2025/09/24 13:30:04 INFO Background task completed task=data_sync task_id=367 duration_ms=1805
2025/09/24 13:30:05 INFO Background task started task=cache_refresh task_id=368
2025/09/24 13:30:06 INFO Background task completed task_id=368 duration_ms=1064 task=cache_refresh
2025/09/24 13:30:08 INFO Background task started task=data_sync task_id=369
2025/09/24 13:30:10 WARN Task completed with warnings task_id=369 duration_ms=1773 warnings=3 task=data_sync
2025/09/24 13:30:11 DEBUG System health check cpu_usage=22 memory_usage_mb=239 disk_free_gb=65 active_connections=9
2025/09/24 13:30:11 INFO Background task started task=file_cleanup task_id=370
2025/09/24 13:30:13 INFO Background task completed task=file_cleanup task_id=370 duration_ms=2196
2025/09/24 13:30:14 INFO Background task started task_id=371 task=cache_refresh
2025/09/24 13:30:15 INFO Background task completed task=cache_refresh task_id=371 duration_ms=1300
2025/09/24 13:30:17 INFO Background task started task=cache_refresh task_id=372
2025/09/24 13:30:18 INFO Background task completed task=cache_refresh task_id=372 duration_ms=927
2025/09/24 13:30:20 INFO Background task started task=file_cleanup task_id=373
2025/09/24 13:30:21 DEBUG System health check cpu_usage=33 memory_usage_mb=240 disk_free_gb=36 active_connections=5
2025/09/24 13:30:21 INFO Background task completed task=file_cleanup task_id=373 duration_ms=1155
2025/09/24 13:30:23 INFO Background task started task=data_sync task_id=374
2025/09/24 13:30:25 INFO Background task completed duration_ms=2075 task=data_sync task_id=374
2025/09/24 13:30:26 INFO Background task started task_id=375 task=cache_refresh
2025/09/24 13:30:28 INFO Background task completed task=cache_refresh task_id=375 duration_ms=2170
2025/09/24 13:30:29 INFO Background task started task=file_cleanup task_id=376
2025/09/24 13:30:31 INFO Background task completed task=file_cleanup task_id=376 duration_ms=1958
2025/09/24 13:30:31 DEBUG System health check memory_usage_mb=274 disk_free_gb=38 active_connections=7 cpu_usage=38
2025/09/24 13:30:32 INFO Background task started task=cache_refresh task_id=377
2025/09/24 13:30:33 INFO Background task completed task=cache_refresh task_id=377 duration_ms=954
2025/09/24 13:30:35 INFO Background task started task=file_cleanup task_id=378
2025/09/24 13:30:37 INFO Background task completed task=file_cleanup task_id=378 duration_ms=2421
2025/09/24 13:30:38 INFO Background task started task=file_cleanup task_id=379
2025/09/24 13:30:38 INFO Background task completed task=file_cleanup task_id=379 duration_ms=515
2025/09/24 13:30:41 DEBUG System health check cpu_usage=46 memory_usage_mb=195 disk_free_gb=40 active_connections=10
2025/09/24 13:30:41 INFO Background task started task=cache_refresh task_id=380
2025/09/24 13:30:43 INFO Background task completed task=cache_refresh task_id=380 duration_ms=1840
2025/09/24 13:30:44 INFO Background task started task=file_cleanup task_id=381
2025/09/24 13:30:45 INFO Background task completed duration_ms=739 task=file_cleanup task_id=381
2025/09/24 13:30:47 INFO Background task started task=data_sync task_id=382
2025/09/24 13:30:48 INFO Background task completed task=data_sync task_id=382 duration_ms=1363
2025/09/24 13:30:50 INFO Background task started task=file_cleanup task_id=383
2025/09/24 13:30:51 DEBUG System health check disk_free_gb=68 active_connections=1 cpu_usage=45 memory_usage_mb=252
2025/09/24 13:30:51 INFO Background task completed task=file_cleanup task_id=383 duration_ms=1360
2025/09/24 13:30:53 INFO Background task started task=data_sync task_id=384
2025/09/24 13:30:55 INFO Background task completed task=data_sync task_id=384 duration_ms=1558
2025/09/24 13:30:56 INFO Background task started task=backup_job task_id=385
2025/09/24 13:30:57 INFO Background task completed task_id=385 duration_ms=693 task=backup_job
2025/09/24 13:30:59 INFO Background task started task=file_cleanup task_id=386
2025/09/24 13:31:01 DEBUG System health check cpu_usage=20 memory_usage_mb=131 disk_free_gb=38 active_connections=6
2025/09/24 13:31:01 INFO Background task completed task_id=386 duration_ms=2114 task=file_cleanup
2025/09/24 13:31:02 INFO Background task started task=backup_job task_id=387
2025/09/24 13:31:04 INFO Background task completed task=backup_job task_id=387 duration_ms=2158
2025/09/24 13:31:05 INFO Daemon app shutting down
